000 (8140894.000.000) 02/17 20:05:07 Job submitted from host: <137.138.55.115:9618?addrs=137.138.55.115-9618+[2001-1458-d00-17--12a]-9618&alias=bigbird23.cern.ch&noUDP&sock=schedd_1381843_f090>
...
040 (8140894.000.000) 02/17 20:05:59 Started transferring input files
	Transferring to host: <188.185.195.75:9618?addrs=188.185.195.75-9618+[2001-1458-303-22--100-47]-9618&alias=b9p17p7899.cern.ch&noUDP&sock=slot1_18_6662_bb48_88521>
...
040 (8140894.000.000) 02/17 20:05:59 Finished transferring input files
...
001 (8140894.000.000) 02/17 20:06:00 Job executing on host: <188.185.195.75:9618?addrs=188.185.195.75-9618+[2001-1458-303-22--100-47]-9618&alias=b9p17p7899.cern.ch&noUDP&sock=startd_5013_145a>
	SlotName: slot1_18@b9p17p7899.cern.ch
	CondorScratchDir = "/pool/condor/dir_3807123"
	Cpus = 1
	Disk = 3742
	GPUs = 0
	Memory = 3000
...
006 (8140894.000.000) 02/17 20:06:09 Image size of job updated: 1788
	2  -  MemoryUsage of job (MB)
	1788  -  ResidentSetSize of job (KB)
...
006 (8140894.000.000) 02/17 20:06:28 Image size of job updated: 11888
	12  -  MemoryUsage of job (MB)
	11888  -  ResidentSetSize of job (KB)
...
040 (8140894.000.000) 02/17 20:06:28 Started transferring output files
...
040 (8140894.000.000) 02/17 20:06:28 Finished transferring output files
...
005 (8140894.000.000) 02/17 20:06:28 Job terminated.
	(1) Normal termination (return value 2)
		Usr 0 00:00:01, Sys 0 00:00:00  -  Run Remote Usage
		Usr 0 00:00:00, Sys 0 00:00:00  -  Run Local Usage
		Usr 0 00:00:01, Sys 0 00:00:00  -  Total Remote Usage
		Usr 0 00:00:00, Sys 0 00:00:00  -  Total Local Usage
	230  -  Run Bytes Sent By Job
	10998  -  Run Bytes Received By Job
	230  -  Total Bytes Sent By Job
	10998  -  Total Bytes Received By Job
	Partitionable Resources :    Usage  Request Allocated 
	   Cpus                 :        0        1         1 
	   Disk (KB)            :       37       12      3742 
	   GPUs                 :                           0 
	   Memory (MB)          :       12     3000      3000 

	Job terminated of its own accord at 2025-02-17T19:06:28Z with exit-code 2.
...
