DEBUG 2025-03-12 11:18:49.665 UTC: 	 CRAB Client version: v3.241125
DEBUG 2025-03-12 11:18:49.665 UTC: 	 Running on: Linux lxplus944.cern.ch 5.14.0-503.23.2.el9_5.x86_64 #1 SMP PREEMPT_DYNAMIC Fri Feb 7 15:07:19 EST 2025 x86_64 x86_64 x86_64 GNU/Linux
DEBUG 2025-03-12 11:18:49.665 UTC: 	 Not using Singularity
DEBUG 2025-03-12 11:18:49.665 UTC: 	 Operating System: Red Hat Enterprise Linux 9.5 (Plow)
DEBUG 2025-03-12 11:18:49.666 UTC: 	 Executing command: 'checkwrite'
DEBUG 2025-03-12 11:18:49.666 UTC: 	 Found CRAB cache file /afs/cern.ch/user/f/fsalerno/.crab3
DEBUG 2025-03-12 11:19:09.730 UTC: 	 CRAB Client version: v3.241125
DEBUG 2025-03-12 11:19:09.731 UTC: 	 Running on: Linux lxplus944.cern.ch 5.14.0-503.23.2.el9_5.x86_64 #1 SMP PREEMPT_DYNAMIC Fri Feb 7 15:07:19 EST 2025 x86_64 x86_64 x86_64 GNU/Linux
DEBUG 2025-03-12 11:19:09.731 UTC: 	 Not using Singularity
DEBUG 2025-03-12 11:19:09.731 UTC: 	 Operating System: Red Hat Enterprise Linux 9.5 (Plow)
DEBUG 2025-03-12 11:19:09.731 UTC: 	 Executing command: 'checkwrite'
DEBUG 2025-03-12 11:19:09.731 UTC: 	 Found CRAB cache file /afs/cern.ch/user/f/fsalerno/.crab3
WARNING 2025-03-12 11:19:09.731 UTC: 	 Warning: 'crab checkwrite' command takes no arguments, 1 given. Ignoring arguments ['T2_IT_Pisa'].
DEBUG 2025-03-12 11:19:09.731 UTC: 	 Checking credentials
DEBUG 2025-03-12 11:19:09.731 UTC: 	 Proxy file /tmp/x509up_u171405 not found
DEBUG 2025-03-12 11:19:09.731 UTC: 	 Creating new proxy for 172:00 hours
DEBUG 2025-03-12 11:19:09.731 UTC: 	 Executing command :
 voms-proxy-init --rfc --cert ~/.globus/usercert.pem --key ~/.globus/userkey.pem --out /tmp/x509up_u171405 --valid 192:00 --voms cms:/cms
DEBUG 2025-03-12 11:19:22.798 UTC: 	 output : 
 error: 
 retcode : 1
ERROR 2025-03-12 11:19:22.798 UTC: 	 

ERROR 2025-03-12 11:19:22.798 UTC: 	 Error executing voms-proxy-init --rfc --cert ~/.globus/usercert.pem --key ~/.globus/userkey.pem --out /tmp/x509up_u171405 --valid 192:00 --voms cms:/cms:


ERROR 2025-03-12 11:19:22.798 UTC: 	 Caught ClientException exception
Traceback (most recent call last):
  File "/cvmfs/cms.cern.ch/share/cms/crab-prod/v3.241125.00/bin/crab.py", line 157, in <module>
    client()
  File "/cvmfs/cms.cern.ch/share/cms/crab-prod/v3.241125.00/bin/crab.py", line 135, in __call__
    self.cmd = sub_cmd(self.logger, args[1:])  # the crab command to be executed
  File "/cvmfs/cms.cern.ch/share/cms/crab-prod/v3.241125.00/lib/CRABClient/Commands/checkwrite.py", line 22, in __init__
    SubCommand.__init__(self, logger, cmdargs)
  File "/cvmfs/cms.cern.ch/share/cms/crab-prod/v3.241125.00/lib/CRABClient/Commands/SubCommand.py", line 365, in __init__
    self.handleVomsProxy(proxyOptsSetPlace)
  File "/cvmfs/cms.cern.ch/share/cms/crab-prod/v3.241125.00/lib/CRABClient/Commands/SubCommand.py", line 483, in handleVomsProxy
    proxyInfo = self.credentialHandler.createNewVomsProxy(timeLeftThreshold=720, \
  File "/cvmfs/cms.cern.ch/share/cms/crab-prod/v3.241125.00/lib/CRABClient/CredentialInteractions.py", line 103, in createNewVomsProxy
    proxy.create()
  File "/cvmfs/cms.cern.ch/share/cms/crab-prod/v3.241125.00/lib/CRABClient/ProxyInteractions.py", line 52, in create
    raise ProxyCreationException(msg)
CRABClient.ClientExceptions.ProxyCreationException: Error executing voms-proxy-init --rfc --cert ~/.globus/usercert.pem --key ~/.globus/userkey.pem --out /tmp/x509up_u171405 --valid 192:00 --voms cms:/cms:


INFO 2025-03-12 11:19:22.802 UTC: 	 Log file is /afs/cern.ch/user/f/fsalerno/CMSSW_13_2_11/src/PhysicsTools/NanoAODTools/crab/crab.log
DEBUG 2025-03-12 11:19:36.022 UTC: 	 CRAB Client version: v3.241125
DEBUG 2025-03-12 11:19:36.022 UTC: 	 Running on: Linux lxplus944.cern.ch 5.14.0-503.23.2.el9_5.x86_64 #1 SMP PREEMPT_DYNAMIC Fri Feb 7 15:07:19 EST 2025 x86_64 x86_64 x86_64 GNU/Linux
DEBUG 2025-03-12 11:19:36.022 UTC: 	 Not using Singularity
DEBUG 2025-03-12 11:19:36.022 UTC: 	 Operating System: Red Hat Enterprise Linux 9.5 (Plow)
DEBUG 2025-03-12 11:19:36.022 UTC: 	 Executing command: 'checkwrite'
DEBUG 2025-03-12 11:19:36.022 UTC: 	 Found CRAB cache file /afs/cern.ch/user/f/fsalerno/.crab3
DEBUG 2025-03-12 11:19:36.023 UTC: 	 Checking credentials
DEBUG 2025-03-12 11:19:36.023 UTC: 	 Proxy file /tmp/x509up_u171405 not found
DEBUG 2025-03-12 11:19:36.023 UTC: 	 Creating new proxy for 172:00 hours
DEBUG 2025-03-12 11:19:36.023 UTC: 	 Executing command :
 voms-proxy-init --rfc --cert ~/.globus/usercert.pem --key ~/.globus/userkey.pem --out /tmp/x509up_u171405 --valid 192:00 --voms cms:/cms
DEBUG 2025-03-12 11:19:45.127 UTC: 	 output : 
 error: 
 retcode : 0
DEBUG 2025-03-12 11:19:45.128 UTC: 	 Executing command :
 voms-proxy-info --actimeleft --timeleft --file /tmp/x509up_u171405
DEBUG 2025-03-12 11:19:45.783 UTC: 	 output : 691198
691198

 error: 
 retcode : 0
DEBUG 2025-03-12 11:19:45.783 UTC: 	 Proxy created.
DEBUG 2025-03-12 11:19:45.783 UTC: 	 Retrieving username ...
DEBUG 2025-03-12 11:19:45.783 UTC: 	 Retrieving username from CRIC...
DEBUG 2025-03-12 11:19:46.419 UTC: 	 username is fsalerno
INFO 2025-03-12 11:19:47.300 UTC: 	 Rucio client intialized for account fsalerno
DEBUG 2025-03-12 11:19:47.301 UTC: 	 Command use: checkwrite
DEBUG 2025-03-12 11:19:47.301 UTC: 	 Options use: ['--site', 'T2_IT_Pisa']
DEBUG 2025-03-12 11:19:47.301 UTC: 	 Instance is None
DEBUG 2025-03-12 11:19:47.301 UTC: 	 Server base url is None
DEBUG 2025-03-12 11:19:47.301 UTC: 	 Retrieving username ...
DEBUG 2025-03-12 11:19:47.301 UTC: 	 Retrieving username from CRIC...
DEBUG 2025-03-12 11:19:47.927 UTC: 	 username is fsalerno
INFO 2025-03-12 11:19:47.927 UTC: 	 Will check write permission in the default location /store/user/<username>
INFO 2025-03-12 11:19:47.928 UTC: 	 Validating LFN /store/user/fsalerno...
INFO 2025-03-12 11:19:47.928 UTC: 	 LFN /store/user/fsalerno is valid.
INFO 2025-03-12 11:19:47.954 UTC: 	 Will use `gfal-copy`, `gfal-rm` commands for checking write permissions
INFO 2025-03-12 11:19:47.955 UTC: 	 Will check write permission in /store/user/fsalerno on site T2_IT_Pisa
INFO 2025-03-12 11:19:48.211 UTC: 	 Will use PFN: davs://stwebdav.pi.infn.it:8443/cms/store/user/fsalerno/crab3checkwrite_20250312_121947_70efc581-467c-4503-b491-48e3deb6b2be/70efc581-467c-4503-b491-48e3deb6b2be.tmp
INFO 2025-03-12 11:19:48.211 UTC: 	 
Attempting to create (dummy) directory crab3checkwrite_20250312_121947_70efc581-467c-4503-b491-48e3deb6b2be and copy (dummy) file 70efc581-467c-4503-b491-48e3deb6b2be.tmp to /store/user/fsalerno

INFO 2025-03-12 11:19:48.217 UTC: 	 Executing command: which scram >/dev/null 2>&1 && eval `scram unsetenv -sh`; gfal-copy -p -v -t 180 file:///afs/cern.ch/user/f/fsalerno/CMSSW_13_2_11/src/PhysicsTools/NanoAODTools/crab/70efc581-467c-4503-b491-48e3deb6b2be.tmp 'davs://stwebdav.pi.infn.it:8443/cms/store/user/fsalerno/crab3checkwrite_20250312_121947_70efc581-467c-4503-b491-48e3deb6b2be/70efc581-467c-4503-b491-48e3deb6b2be.tmp'
INFO 2025-03-12 11:19:48.217 UTC: 	 Please wait...
INFO 2025-03-12 11:19:50.015 UTC: 	 
Successfully created directory crab3checkwrite_20250312_121947_70efc581-467c-4503-b491-48e3deb6b2be and copied file 70efc581-467c-4503-b491-48e3deb6b2be.tmp to /store/user/fsalerno
INFO 2025-03-12 11:19:50.016 UTC: 	 
Attempting to delete file davs://stwebdav.pi.infn.it:8443/cms/store/user/fsalerno/crab3checkwrite_20250312_121947_70efc581-467c-4503-b491-48e3deb6b2be/70efc581-467c-4503-b491-48e3deb6b2be.tmp

INFO 2025-03-12 11:19:50.016 UTC: 	 Executing command: which scram >/dev/null 2>&1 && eval `scram unsetenv -sh`; gfal-rm -v -t 180 'davs://stwebdav.pi.infn.it:8443/cms/store/user/fsalerno/crab3checkwrite_20250312_121947_70efc581-467c-4503-b491-48e3deb6b2be/70efc581-467c-4503-b491-48e3deb6b2be.tmp'
INFO 2025-03-12 11:19:50.016 UTC: 	 Please wait...
INFO 2025-03-12 11:19:51.513 UTC: 	 
Successfully deleted file davs://stwebdav.pi.infn.it:8443/cms/store/user/fsalerno/crab3checkwrite_20250312_121947_70efc581-467c-4503-b491-48e3deb6b2be/70efc581-467c-4503-b491-48e3deb6b2be.tmp
INFO 2025-03-12 11:19:51.513 UTC: 	 
Attempting to delete directory davs://stwebdav.pi.infn.it:8443/cms/store/user/fsalerno/crab3checkwrite_20250312_121947_70efc581-467c-4503-b491-48e3deb6b2be/

INFO 2025-03-12 11:19:51.513 UTC: 	 Executing command: which scram >/dev/null 2>&1 && eval `scram unsetenv -sh`; gfal-rm -r -v -t 180 'davs://stwebdav.pi.infn.it:8443/cms/store/user/fsalerno/crab3checkwrite_20250312_121947_70efc581-467c-4503-b491-48e3deb6b2be/'
INFO 2025-03-12 11:19:51.513 UTC: 	 Please wait...
INFO 2025-03-12 11:19:52.881 UTC: 	 
Successfully deleted directory davs://stwebdav.pi.infn.it:8443/cms/store/user/fsalerno/crab3checkwrite_20250312_121947_70efc581-467c-4503-b491-48e3deb6b2be/
INFO 2025-03-12 11:19:52.885 UTC: 	 
Checkwrite Result:
INFO 2025-03-12 11:19:52.885 UTC: 	 Success: Able to write in /store/user/fsalerno on site T2_IT_Pisa
DEBUG 2025-03-12 11:23:57.085 UTC: 	 CRAB Client version: v3.241125
DEBUG 2025-03-12 11:23:57.085 UTC: 	 Running on: Linux lxplus944.cern.ch 5.14.0-503.23.2.el9_5.x86_64 #1 SMP PREEMPT_DYNAMIC Fri Feb 7 15:07:19 EST 2025 x86_64 x86_64 x86_64 GNU/Linux
DEBUG 2025-03-12 11:23:57.085 UTC: 	 Not using Singularity
DEBUG 2025-03-12 11:23:57.085 UTC: 	 Operating System: Red Hat Enterprise Linux 9.5 (Plow)
DEBUG 2025-03-12 11:23:57.085 UTC: 	 Executing command: 'checkwrite'
DEBUG 2025-03-12 11:23:57.086 UTC: 	 Found CRAB cache file /afs/cern.ch/user/f/fsalerno/.crab3
DEBUG 2025-03-12 11:23:57.086 UTC: 	 Checking credentials
DEBUG 2025-03-12 11:23:57.086 UTC: 	 Found proxy file /tmp/x509up_u171405
DEBUG 2025-03-12 11:23:57.086 UTC: 	 Making sure it has proper VOMS extension
DEBUG 2025-03-12 11:23:57.086 UTC: 	 Executing command :
 voms-proxy-info --vo --file /tmp/x509up_u171405
DEBUG 2025-03-12 11:23:57.778 UTC: 	 output : cms

 error: 
 retcode : 0
DEBUG 2025-03-12 11:23:57.778 UTC: 	 Getting proxy life time left
DEBUG 2025-03-12 11:23:57.778 UTC: 	 Executing command :
 voms-proxy-info --actimeleft --timeleft --file /tmp/x509up_u171405
DEBUG 2025-03-12 11:23:58.403 UTC: 	 output : 690945
690945

 error: 
 retcode : 0
DEBUG 2025-03-12 11:23:58.403 UTC: 	 Proxy valid for 191:55:45 hours
DEBUG 2025-03-12 11:23:58.403 UTC: 	 Retrieving username ...
DEBUG 2025-03-12 11:23:58.403 UTC: 	 Retrieving username from CRIC...
DEBUG 2025-03-12 11:23:59.129 UTC: 	 username is fsalerno
INFO 2025-03-12 11:23:59.789 UTC: 	 Rucio client intialized for account fsalerno
DEBUG 2025-03-12 11:23:59.790 UTC: 	 Command use: checkwrite
DEBUG 2025-03-12 11:23:59.790 UTC: 	 Options use: ['--site', 'T2_CH_CSCS']
DEBUG 2025-03-12 11:23:59.790 UTC: 	 Instance is None
DEBUG 2025-03-12 11:23:59.790 UTC: 	 Server base url is None
DEBUG 2025-03-12 11:23:59.790 UTC: 	 Retrieving username ...
DEBUG 2025-03-12 11:23:59.790 UTC: 	 Retrieving username from CRIC...
DEBUG 2025-03-12 11:24:00.400 UTC: 	 username is fsalerno
INFO 2025-03-12 11:24:00.401 UTC: 	 Will check write permission in the default location /store/user/<username>
INFO 2025-03-12 11:24:00.401 UTC: 	 Validating LFN /store/user/fsalerno...
INFO 2025-03-12 11:24:00.401 UTC: 	 LFN /store/user/fsalerno is valid.
INFO 2025-03-12 11:24:00.425 UTC: 	 Will use `gfal-copy`, `gfal-rm` commands for checking write permissions
INFO 2025-03-12 11:24:00.425 UTC: 	 Will check write permission in /store/user/fsalerno on site T2_CH_CSCS
INFO 2025-03-12 11:24:00.448 UTC: 	 Will use PFN: davs://storage01.lcg.cscs.ch:2880/pnfs/lcg.cscs.ch/cms/trivcat/store/user/fsalerno/crab3checkwrite_20250312_122400_21e848e3-3aec-420a-a1fb-363545975634/21e848e3-3aec-420a-a1fb-363545975634.tmp
INFO 2025-03-12 11:24:00.448 UTC: 	 
Attempting to create (dummy) directory crab3checkwrite_20250312_122400_21e848e3-3aec-420a-a1fb-363545975634 and copy (dummy) file 21e848e3-3aec-420a-a1fb-363545975634.tmp to /store/user/fsalerno

INFO 2025-03-12 11:24:00.459 UTC: 	 Executing command: which scram >/dev/null 2>&1 && eval `scram unsetenv -sh`; gfal-copy -p -v -t 180 file:///afs/cern.ch/user/f/fsalerno/CMSSW_13_2_11/src/PhysicsTools/NanoAODTools/crab/21e848e3-3aec-420a-a1fb-363545975634.tmp 'davs://storage01.lcg.cscs.ch:2880/pnfs/lcg.cscs.ch/cms/trivcat/store/user/fsalerno/crab3checkwrite_20250312_122400_21e848e3-3aec-420a-a1fb-363545975634/21e848e3-3aec-420a-a1fb-363545975634.tmp'
INFO 2025-03-12 11:24:00.459 UTC: 	 Please wait...
INFO 2025-03-12 11:24:02.786 UTC: 	 
Successfully created directory crab3checkwrite_20250312_122400_21e848e3-3aec-420a-a1fb-363545975634 and copied file 21e848e3-3aec-420a-a1fb-363545975634.tmp to /store/user/fsalerno
INFO 2025-03-12 11:24:02.787 UTC: 	 
Attempting to delete file davs://storage01.lcg.cscs.ch:2880/pnfs/lcg.cscs.ch/cms/trivcat/store/user/fsalerno/crab3checkwrite_20250312_122400_21e848e3-3aec-420a-a1fb-363545975634/21e848e3-3aec-420a-a1fb-363545975634.tmp

INFO 2025-03-12 11:24:02.787 UTC: 	 Executing command: which scram >/dev/null 2>&1 && eval `scram unsetenv -sh`; gfal-rm -v -t 180 'davs://storage01.lcg.cscs.ch:2880/pnfs/lcg.cscs.ch/cms/trivcat/store/user/fsalerno/crab3checkwrite_20250312_122400_21e848e3-3aec-420a-a1fb-363545975634/21e848e3-3aec-420a-a1fb-363545975634.tmp'
INFO 2025-03-12 11:24:02.787 UTC: 	 Please wait...
INFO 2025-03-12 11:24:03.835 UTC: 	 
Successfully deleted file davs://storage01.lcg.cscs.ch:2880/pnfs/lcg.cscs.ch/cms/trivcat/store/user/fsalerno/crab3checkwrite_20250312_122400_21e848e3-3aec-420a-a1fb-363545975634/21e848e3-3aec-420a-a1fb-363545975634.tmp
INFO 2025-03-12 11:24:03.835 UTC: 	 
Attempting to delete directory davs://storage01.lcg.cscs.ch:2880/pnfs/lcg.cscs.ch/cms/trivcat/store/user/fsalerno/crab3checkwrite_20250312_122400_21e848e3-3aec-420a-a1fb-363545975634/

INFO 2025-03-12 11:24:03.835 UTC: 	 Executing command: which scram >/dev/null 2>&1 && eval `scram unsetenv -sh`; gfal-rm -r -v -t 180 'davs://storage01.lcg.cscs.ch:2880/pnfs/lcg.cscs.ch/cms/trivcat/store/user/fsalerno/crab3checkwrite_20250312_122400_21e848e3-3aec-420a-a1fb-363545975634/'
INFO 2025-03-12 11:24:03.835 UTC: 	 Please wait...
INFO 2025-03-12 11:24:04.855 UTC: 	 
Successfully deleted directory davs://storage01.lcg.cscs.ch:2880/pnfs/lcg.cscs.ch/cms/trivcat/store/user/fsalerno/crab3checkwrite_20250312_122400_21e848e3-3aec-420a-a1fb-363545975634/
INFO 2025-03-12 11:24:04.861 UTC: 	 
Checkwrite Result:
INFO 2025-03-12 11:24:04.862 UTC: 	 Success: Able to write in /store/user/fsalerno on site T2_CH_CSCS
DEBUG 2025-03-12 12:59:15.953 UTC: 	 CRAB Client version: v3.241125
DEBUG 2025-03-12 12:59:15.953 UTC: 	 Running on: Linux lxplus944.cern.ch 5.14.0-503.23.2.el9_5.x86_64 #1 SMP PREEMPT_DYNAMIC Fri Feb 7 15:07:19 EST 2025 x86_64 x86_64 x86_64 GNU/Linux
DEBUG 2025-03-12 12:59:15.953 UTC: 	 Not using Singularity
DEBUG 2025-03-12 12:59:15.953 UTC: 	 Operating System: Red Hat Enterprise Linux 9.5 (Plow)
DEBUG 2025-03-12 12:59:15.953 UTC: 	 Executing command: 'checkwrite'
DEBUG 2025-03-12 12:59:15.954 UTC: 	 Found CRAB cache file /afs/cern.ch/user/f/fsalerno/.crab3
DEBUG 2025-03-12 12:59:15.955 UTC: 	 Checking credentials
DEBUG 2025-03-12 12:59:15.955 UTC: 	 Found proxy file /tmp/x509up_u171405
DEBUG 2025-03-12 12:59:15.955 UTC: 	 Making sure it has proper VOMS extension
DEBUG 2025-03-12 12:59:15.955 UTC: 	 Executing command :
 voms-proxy-info --vo --file /tmp/x509up_u171405
DEBUG 2025-03-12 12:59:16.364 UTC: 	 output : cms

 error: 
 retcode : 0
DEBUG 2025-03-12 12:59:16.364 UTC: 	 Getting proxy life time left
DEBUG 2025-03-12 12:59:16.364 UTC: 	 Executing command :
 voms-proxy-info --actimeleft --timeleft --file /tmp/x509up_u171405
DEBUG 2025-03-12 12:59:16.777 UTC: 	 output : 685227
685227

 error: 
 retcode : 0
DEBUG 2025-03-12 12:59:16.777 UTC: 	 Proxy valid for 190:20:27 hours
DEBUG 2025-03-12 12:59:16.777 UTC: 	 Retrieving username ...
DEBUG 2025-03-12 12:59:16.777 UTC: 	 Retrieving username from CRIC...
DEBUG 2025-03-12 12:59:17.395 UTC: 	 username is fsalerno
INFO 2025-03-12 12:59:18.077 UTC: 	 Rucio client intialized for account fsalerno
DEBUG 2025-03-12 12:59:18.077 UTC: 	 Command use: checkwrite
DEBUG 2025-03-12 12:59:18.077 UTC: 	 Options use: ['--site', 'T2_CH_CSCS']
DEBUG 2025-03-12 12:59:18.077 UTC: 	 Instance is None
DEBUG 2025-03-12 12:59:18.077 UTC: 	 Server base url is None
DEBUG 2025-03-12 12:59:18.077 UTC: 	 Retrieving username ...
DEBUG 2025-03-12 12:59:18.077 UTC: 	 Retrieving username from CRIC...
DEBUG 2025-03-12 12:59:18.684 UTC: 	 username is fsalerno
INFO 2025-03-12 12:59:18.684 UTC: 	 Will check write permission in the default location /store/user/<username>
INFO 2025-03-12 12:59:18.684 UTC: 	 Validating LFN /store/user/fsalerno...
INFO 2025-03-12 12:59:18.684 UTC: 	 LFN /store/user/fsalerno is valid.
INFO 2025-03-12 12:59:18.699 UTC: 	 Will use `gfal-copy`, `gfal-rm` commands for checking write permissions
INFO 2025-03-12 12:59:18.700 UTC: 	 Will check write permission in /store/user/fsalerno on site T2_CH_CSCS
INFO 2025-03-12 12:59:18.722 UTC: 	 Will use PFN: davs://storage01.lcg.cscs.ch:2880/pnfs/lcg.cscs.ch/cms/trivcat/store/user/fsalerno/crab3checkwrite_20250312_135918_a37cefb7-1051-4ff0-8f80-3d93dd38bf14/a37cefb7-1051-4ff0-8f80-3d93dd38bf14.tmp
INFO 2025-03-12 12:59:18.723 UTC: 	 
Attempting to create (dummy) directory crab3checkwrite_20250312_135918_a37cefb7-1051-4ff0-8f80-3d93dd38bf14 and copy (dummy) file a37cefb7-1051-4ff0-8f80-3d93dd38bf14.tmp to /store/user/fsalerno

INFO 2025-03-12 12:59:18.728 UTC: 	 Executing command: which scram >/dev/null 2>&1 && eval `scram unsetenv -sh`; gfal-copy -p -v -t 180 file:///afs/cern.ch/user/f/fsalerno/CMSSW_13_2_11/src/PhysicsTools/NanoAODTools/crab/a37cefb7-1051-4ff0-8f80-3d93dd38bf14.tmp 'davs://storage01.lcg.cscs.ch:2880/pnfs/lcg.cscs.ch/cms/trivcat/store/user/fsalerno/crab3checkwrite_20250312_135918_a37cefb7-1051-4ff0-8f80-3d93dd38bf14/a37cefb7-1051-4ff0-8f80-3d93dd38bf14.tmp'
INFO 2025-03-12 12:59:18.728 UTC: 	 Please wait...
INFO 2025-03-12 12:59:20.842 UTC: 	 
Successfully created directory crab3checkwrite_20250312_135918_a37cefb7-1051-4ff0-8f80-3d93dd38bf14 and copied file a37cefb7-1051-4ff0-8f80-3d93dd38bf14.tmp to /store/user/fsalerno
INFO 2025-03-12 12:59:20.842 UTC: 	 
Attempting to delete file davs://storage01.lcg.cscs.ch:2880/pnfs/lcg.cscs.ch/cms/trivcat/store/user/fsalerno/crab3checkwrite_20250312_135918_a37cefb7-1051-4ff0-8f80-3d93dd38bf14/a37cefb7-1051-4ff0-8f80-3d93dd38bf14.tmp

INFO 2025-03-12 12:59:20.842 UTC: 	 Executing command: which scram >/dev/null 2>&1 && eval `scram unsetenv -sh`; gfal-rm -v -t 180 'davs://storage01.lcg.cscs.ch:2880/pnfs/lcg.cscs.ch/cms/trivcat/store/user/fsalerno/crab3checkwrite_20250312_135918_a37cefb7-1051-4ff0-8f80-3d93dd38bf14/a37cefb7-1051-4ff0-8f80-3d93dd38bf14.tmp'
INFO 2025-03-12 12:59:20.842 UTC: 	 Please wait...
INFO 2025-03-12 12:59:21.665 UTC: 	 
Successfully deleted file davs://storage01.lcg.cscs.ch:2880/pnfs/lcg.cscs.ch/cms/trivcat/store/user/fsalerno/crab3checkwrite_20250312_135918_a37cefb7-1051-4ff0-8f80-3d93dd38bf14/a37cefb7-1051-4ff0-8f80-3d93dd38bf14.tmp
INFO 2025-03-12 12:59:21.666 UTC: 	 
Attempting to delete directory davs://storage01.lcg.cscs.ch:2880/pnfs/lcg.cscs.ch/cms/trivcat/store/user/fsalerno/crab3checkwrite_20250312_135918_a37cefb7-1051-4ff0-8f80-3d93dd38bf14/

INFO 2025-03-12 12:59:21.666 UTC: 	 Executing command: which scram >/dev/null 2>&1 && eval `scram unsetenv -sh`; gfal-rm -r -v -t 180 'davs://storage01.lcg.cscs.ch:2880/pnfs/lcg.cscs.ch/cms/trivcat/store/user/fsalerno/crab3checkwrite_20250312_135918_a37cefb7-1051-4ff0-8f80-3d93dd38bf14/'
INFO 2025-03-12 12:59:21.666 UTC: 	 Please wait...
INFO 2025-03-12 12:59:22.544 UTC: 	 
Successfully deleted directory davs://storage01.lcg.cscs.ch:2880/pnfs/lcg.cscs.ch/cms/trivcat/store/user/fsalerno/crab3checkwrite_20250312_135918_a37cefb7-1051-4ff0-8f80-3d93dd38bf14/
INFO 2025-03-12 12:59:22.550 UTC: 	 
Checkwrite Result:
INFO 2025-03-12 12:59:22.550 UTC: 	 Success: Able to write in /store/user/fsalerno on site T2_CH_CSCS
DEBUG 2025-03-14 13:30:32.924 UTC: 	 CRAB Client version: v3.250217
DEBUG 2025-03-14 13:30:32.925 UTC: 	 Running on: Linux lxplus944.cern.ch 5.14.0-503.23.2.el9_5.x86_64 #1 SMP PREEMPT_DYNAMIC Fri Feb 7 15:07:19 EST 2025 x86_64 x86_64 x86_64 GNU/Linux
DEBUG 2025-03-14 13:30:32.925 UTC: 	 Not using Singularity
DEBUG 2025-03-14 13:30:32.925 UTC: 	 Operating System: Red Hat Enterprise Linux 9.5 (Plow)
DEBUG 2025-03-14 13:30:32.925 UTC: 	 Executing command: 'submit'
DEBUG 2025-03-14 13:30:32.925 UTC: 	 Found CRAB cache file /afs/cern.ch/user/f/fsalerno/.crab3
INFO 2025-03-14 13:30:32.925 UTC: 	 Will use CRAB configuration file crab_cfg.py
DEBUG 2025-03-14 13:30:32.926 UTC: 	 Loading CRAB configuration file.
DEBUG 2025-03-14 13:30:32.929 UTC: 	 Will use CRAB plugin ANALYSIS (i.e. will run an analysis job type).
ERROR 2025-03-14 13:30:32.929 UTC: 	 Working area '/afs/cern.ch/user/f/fsalerno/CMSSW_13_2_11/src/PhysicsTools/NanoAODTools/crab/crab_TT_inclusive_2022' already exists 
Please change the requestName in the config file
ERROR 2025-03-14 13:30:32.929 UTC: 	 Caught ClientException exception
Traceback (most recent call last):
  File "/cvmfs/cms.cern.ch/share/cms/crab-prod/v3.250217.00/bin/crab.py", line 157, in <module>
    client()
  File "/cvmfs/cms.cern.ch/share/cms/crab-prod/v3.250217.00/bin/crab.py", line 135, in __call__
    self.cmd = sub_cmd(self.logger, args[1:])  # the crab command to be executed
  File "/cvmfs/cms.cern.ch/share/cms/crab-prod/v3.250217.00/lib/CRABClient/Commands/submit.py", line 37, in __init__
    SubCommand.__init__(self, logger, cmdargs, disable_interspersed_args=True)
  File "/cvmfs/cms.cern.ch/share/cms/crab-prod/v3.250217.00/lib/CRABClient/Commands/SubCommand.py", line 328, in __init__
    self.requestarea, self.requestname, self.logfile = createWorkArea(
  File "/cvmfs/cms.cern.ch/share/cms/crab-prod/v3.250217.00/lib/CRABClient/ClientUtilities.py", line 392, in createWorkArea
    raise ConfigException("Working area '%s' already exists \nPlease change the requestName in the config file" % fullpath)
CRABClient.ClientExceptions.ConfigException: Working area '/afs/cern.ch/user/f/fsalerno/CMSSW_13_2_11/src/PhysicsTools/NanoAODTools/crab/crab_TT_inclusive_2022' already exists 
Please change the requestName in the config file
INFO 2025-03-14 13:30:32.972 UTC: 	 Log file is /afs/cern.ch/user/f/fsalerno/CMSSW_13_2_11/src/PhysicsTools/NanoAODTools/crab/crab.log
DEBUG 2025-03-14 14:16:12.780 UTC: 	 CRAB Client version: v3.250217
DEBUG 2025-03-14 14:16:12.780 UTC: 	 Running on: Linux lxplus944.cern.ch 5.14.0-503.23.2.el9_5.x86_64 #1 SMP PREEMPT_DYNAMIC Fri Feb 7 15:07:19 EST 2025 x86_64 x86_64 x86_64 GNU/Linux
DEBUG 2025-03-14 14:16:12.780 UTC: 	 Not using Singularity
DEBUG 2025-03-14 14:16:12.780 UTC: 	 Operating System: Red Hat Enterprise Linux 9.5 (Plow)
DEBUG 2025-03-14 14:16:12.780 UTC: 	 Executing command: 'status'
DEBUG 2025-03-14 14:16:12.781 UTC: 	 Found CRAB cache file /afs/cern.ch/user/f/fsalerno/.crab3
ERROR 2025-03-14 14:16:12.782 UTC: 	 Cannot find .requestcache file in CRAB project directory /afs/cern.ch/user/f/fsalerno/CMSSW_13_2_11/src/PhysicsTools/NanoAODTools/crab/crab_TT_inclusive_2022_topcand
ERROR 2025-03-14 14:16:12.782 UTC: 	 Caught ClientException exception
Traceback (most recent call last):
  File "/cvmfs/cms.cern.ch/share/cms/crab-prod/v3.250217.00/bin/crab.py", line 157, in <module>
    client()
  File "/cvmfs/cms.cern.ch/share/cms/crab-prod/v3.250217.00/bin/crab.py", line 135, in __call__
    self.cmd = sub_cmd(self.logger, args[1:])  # the crab command to be executed
  File "/cvmfs/cms.cern.ch/share/cms/crab-prod/v3.250217.00/lib/CRABClient/Commands/status.py", line 48, in __init__
    SubCommand.__init__(self, logger, cmdargs)
  File "/cvmfs/cms.cern.ch/share/cms/crab-prod/v3.250217.00/lib/CRABClient/Commands/SubCommand.py", line 281, in __init__
    SubCommand.validateOptions(self)
  File "/cvmfs/cms.cern.ch/share/cms/crab-prod/v3.250217.00/lib/CRABClient/Commands/SubCommand.py", line 695, in validateOptions
    self.loadLocalCache()
  File "/cvmfs/cms.cern.ch/share/cms/crab-prod/v3.250217.00/lib/CRABClient/Commands/SubCommand.py", line 537, in loadLocalCache
    raise ex
  File "/cvmfs/cms.cern.ch/share/cms/crab-prod/v3.250217.00/lib/CRABClient/Commands/SubCommand.py", line 531, in loadLocalCache
    self.cachedinfo, self.logfile = loadCache(self.requestarea, self.logger)
  File "/cvmfs/cms.cern.ch/share/cms/crab-prod/v3.250217.00/lib/CRABClient/ClientUtilities.py", line 445, in loadCache
    raise CachefileNotFoundException(msg)
CRABClient.ClientExceptions.CachefileNotFoundException: Cannot find .requestcache file in CRAB project directory /afs/cern.ch/user/f/fsalerno/CMSSW_13_2_11/src/PhysicsTools/NanoAODTools/crab/crab_TT_inclusive_2022_topcand
INFO 2025-03-14 14:16:12.785 UTC: 	 Log file is /afs/cern.ch/user/f/fsalerno/CMSSW_13_2_11/src/PhysicsTools/NanoAODTools/crab/crab.log
DEBUG 2025-03-14 14:25:01.604 UTC: 	 CRAB Client version: v3.250217
DEBUG 2025-03-14 14:25:01.604 UTC: 	 Running on: Linux lxplus944.cern.ch 5.14.0-503.23.2.el9_5.x86_64 #1 SMP PREEMPT_DYNAMIC Fri Feb 7 15:07:19 EST 2025 x86_64 x86_64 x86_64 GNU/Linux
DEBUG 2025-03-14 14:25:01.604 UTC: 	 Not using Singularity
DEBUG 2025-03-14 14:25:01.604 UTC: 	 Operating System: Red Hat Enterprise Linux 9.5 (Plow)
DEBUG 2025-03-14 14:25:01.604 UTC: 	 Executing command: 'kill'
DEBUG 2025-03-14 14:25:01.604 UTC: 	 Found CRAB cache file /afs/cern.ch/user/f/fsalerno/.crab3
ERROR 2025-03-14 14:25:01.604 UTC: 	 Error: Please indicate the CRAB project directory with --dir=<project-directory>.
ERROR 2025-03-14 14:25:01.604 UTC: 	 Caught ClientException exception
Traceback (most recent call last):
  File "/cvmfs/cms.cern.ch/share/cms/crab-prod/v3.250217.00/bin/crab.py", line 157, in <module>
    client()
  File "/cvmfs/cms.cern.ch/share/cms/crab-prod/v3.250217.00/bin/crab.py", line 135, in __call__
    self.cmd = sub_cmd(self.logger, args[1:])  # the crab command to be executed
  File "/cvmfs/cms.cern.ch/share/cms/crab-prod/v3.250217.00/lib/CRABClient/Commands/SubCommand.py", line 281, in __init__
    SubCommand.validateOptions(self)
  File "/cvmfs/cms.cern.ch/share/cms/crab-prod/v3.250217.00/lib/CRABClient/Commands/SubCommand.py", line 687, in validateOptions
    raise ex
CRABClient.ClientExceptions.MissingOptionException: [91mError[0m: Please indicate the CRAB project directory with --dir=<project-directory>.
INFO 2025-03-14 14:25:01.608 UTC: 	 Log file is /afs/cern.ch/user/f/fsalerno/CMSSW_13_2_11/src/PhysicsTools/NanoAODTools/crab/crab.log
DEBUG 2025-03-14 15:28:26.615 UTC: 	 CRAB Client version: v3.250217
DEBUG 2025-03-14 15:28:26.616 UTC: 	 Running on: Linux lxplus944.cern.ch 5.14.0-503.23.2.el9_5.x86_64 #1 SMP PREEMPT_DYNAMIC Fri Feb 7 15:07:19 EST 2025 x86_64 x86_64 x86_64 GNU/Linux
DEBUG 2025-03-14 15:28:26.616 UTC: 	 Not using Singularity
DEBUG 2025-03-14 15:28:26.616 UTC: 	 Operating System: Red Hat Enterprise Linux 9.5 (Plow)
DEBUG 2025-03-14 15:28:26.616 UTC: 	 Executing command: 'submit'
DEBUG 2025-03-14 15:28:26.616 UTC: 	 Found CRAB cache file /afs/cern.ch/user/f/fsalerno/.crab3
INFO 2025-03-14 15:28:26.617 UTC: 	 Will use CRAB configuration file crab_cfg.py
DEBUG 2025-03-14 15:28:26.617 UTC: 	 Loading CRAB configuration file.
DEBUG 2025-03-14 15:28:26.617 UTC: 	 Will use CRAB plugin ANALYSIS (i.e. will run an analysis job type).
ERROR 2025-03-14 15:28:26.618 UTC: 	 Working area '/afs/cern.ch/user/f/fsalerno/CMSSW_13_2_11/src/PhysicsTools/NanoAODTools/crab/crab_TT_inclusive_2022_topcand_hadd' already exists 
Please change the requestName in the config file
ERROR 2025-03-14 15:28:26.618 UTC: 	 Caught ClientException exception
Traceback (most recent call last):
  File "/cvmfs/cms.cern.ch/share/cms/crab-prod/v3.250217.00/bin/crab.py", line 157, in <module>
    client()
  File "/cvmfs/cms.cern.ch/share/cms/crab-prod/v3.250217.00/bin/crab.py", line 135, in __call__
    self.cmd = sub_cmd(self.logger, args[1:])  # the crab command to be executed
  File "/cvmfs/cms.cern.ch/share/cms/crab-prod/v3.250217.00/lib/CRABClient/Commands/submit.py", line 37, in __init__
    SubCommand.__init__(self, logger, cmdargs, disable_interspersed_args=True)
  File "/cvmfs/cms.cern.ch/share/cms/crab-prod/v3.250217.00/lib/CRABClient/Commands/SubCommand.py", line 328, in __init__
    self.requestarea, self.requestname, self.logfile = createWorkArea(
  File "/cvmfs/cms.cern.ch/share/cms/crab-prod/v3.250217.00/lib/CRABClient/ClientUtilities.py", line 392, in createWorkArea
    raise ConfigException("Working area '%s' already exists \nPlease change the requestName in the config file" % fullpath)
CRABClient.ClientExceptions.ConfigException: Working area '/afs/cern.ch/user/f/fsalerno/CMSSW_13_2_11/src/PhysicsTools/NanoAODTools/crab/crab_TT_inclusive_2022_topcand_hadd' already exists 
Please change the requestName in the config file
INFO 2025-03-14 15:28:26.625 UTC: 	 Log file is /afs/cern.ch/user/f/fsalerno/CMSSW_13_2_11/src/PhysicsTools/NanoAODTools/crab/crab.log
DEBUG 2025-03-14 15:28:34.184 UTC: 	 CRAB Client version: v3.250217
DEBUG 2025-03-14 15:28:34.185 UTC: 	 Running on: Linux lxplus944.cern.ch 5.14.0-503.23.2.el9_5.x86_64 #1 SMP PREEMPT_DYNAMIC Fri Feb 7 15:07:19 EST 2025 x86_64 x86_64 x86_64 GNU/Linux
DEBUG 2025-03-14 15:28:34.185 UTC: 	 Not using Singularity
DEBUG 2025-03-14 15:28:34.185 UTC: 	 Operating System: Red Hat Enterprise Linux 9.5 (Plow)
DEBUG 2025-03-14 15:28:34.185 UTC: 	 Executing command: 'kill'
DEBUG 2025-03-14 15:28:34.185 UTC: 	 Found CRAB cache file /afs/cern.ch/user/f/fsalerno/.crab3
ERROR 2025-03-14 15:28:34.185 UTC: 	 Error: Please indicate the CRAB project directory with --dir=<project-directory>.
ERROR 2025-03-14 15:28:34.185 UTC: 	 Caught ClientException exception
Traceback (most recent call last):
  File "/cvmfs/cms.cern.ch/share/cms/crab-prod/v3.250217.00/bin/crab.py", line 157, in <module>
    client()
  File "/cvmfs/cms.cern.ch/share/cms/crab-prod/v3.250217.00/bin/crab.py", line 135, in __call__
    self.cmd = sub_cmd(self.logger, args[1:])  # the crab command to be executed
  File "/cvmfs/cms.cern.ch/share/cms/crab-prod/v3.250217.00/lib/CRABClient/Commands/SubCommand.py", line 281, in __init__
    SubCommand.validateOptions(self)
  File "/cvmfs/cms.cern.ch/share/cms/crab-prod/v3.250217.00/lib/CRABClient/Commands/SubCommand.py", line 687, in validateOptions
    raise ex
CRABClient.ClientExceptions.MissingOptionException: [91mError[0m: Please indicate the CRAB project directory with --dir=<project-directory>.
INFO 2025-03-14 15:28:34.186 UTC: 	 Log file is /afs/cern.ch/user/f/fsalerno/CMSSW_13_2_11/src/PhysicsTools/NanoAODTools/crab/crab.log
DEBUG 2025-03-14 15:28:51.249 UTC: 	 CRAB Client version: v3.250217
DEBUG 2025-03-14 15:28:51.249 UTC: 	 Running on: Linux lxplus944.cern.ch 5.14.0-503.23.2.el9_5.x86_64 #1 SMP PREEMPT_DYNAMIC Fri Feb 7 15:07:19 EST 2025 x86_64 x86_64 x86_64 GNU/Linux
DEBUG 2025-03-14 15:28:51.249 UTC: 	 Not using Singularity
DEBUG 2025-03-14 15:28:51.249 UTC: 	 Operating System: Red Hat Enterprise Linux 9.5 (Plow)
DEBUG 2025-03-14 15:28:51.249 UTC: 	 Executing command: 'kill'
DEBUG 2025-03-14 15:28:51.249 UTC: 	 Found CRAB cache file /afs/cern.ch/user/f/fsalerno/.crab3
DEBUG 2025-03-17 10:15:41.230 UTC: 	 CRAB Client version: v3.250217
DEBUG 2025-03-17 10:15:41.231 UTC: 	 Running on: Linux lxplus911.cern.ch 5.14.0-503.26.1.el9_5.x86_64 #1 SMP PREEMPT_DYNAMIC Mon Feb 10 05:23:56 EST 2025 x86_64 x86_64 x86_64 GNU/Linux
DEBUG 2025-03-17 10:15:41.231 UTC: 	 Not using Singularity
DEBUG 2025-03-17 10:15:41.231 UTC: 	 Operating System: Red Hat Enterprise Linux 9.5 (Plow)
DEBUG 2025-03-17 10:15:41.231 UTC: 	 Executing command: 'status'
DEBUG 2025-03-17 10:15:41.232 UTC: 	 Found CRAB cache file /afs/cern.ch/user/f/fsalerno/.crab3
ERROR 2025-03-17 10:15:41.234 UTC: 	 Cannot find .requestcache file in CRAB project directory /afs/cern.ch/user/f/fsalerno/CMSSW_13_2_11/src/PhysicsTools/NanoAODTools/crab/crab_TT_inclusive_2022_topcand_hadd
ERROR 2025-03-17 10:15:41.234 UTC: 	 Caught ClientException exception
Traceback (most recent call last):
  File "/cvmfs/cms.cern.ch/share/cms/crab-prod/v3.250217.00/bin/crab.py", line 157, in <module>
    client()
  File "/cvmfs/cms.cern.ch/share/cms/crab-prod/v3.250217.00/bin/crab.py", line 135, in __call__
    self.cmd = sub_cmd(self.logger, args[1:])  # the crab command to be executed
  File "/cvmfs/cms.cern.ch/share/cms/crab-prod/v3.250217.00/lib/CRABClient/Commands/status.py", line 48, in __init__
    SubCommand.__init__(self, logger, cmdargs)
  File "/cvmfs/cms.cern.ch/share/cms/crab-prod/v3.250217.00/lib/CRABClient/Commands/SubCommand.py", line 281, in __init__
    SubCommand.validateOptions(self)
  File "/cvmfs/cms.cern.ch/share/cms/crab-prod/v3.250217.00/lib/CRABClient/Commands/SubCommand.py", line 695, in validateOptions
    self.loadLocalCache()
  File "/cvmfs/cms.cern.ch/share/cms/crab-prod/v3.250217.00/lib/CRABClient/Commands/SubCommand.py", line 537, in loadLocalCache
    raise ex
  File "/cvmfs/cms.cern.ch/share/cms/crab-prod/v3.250217.00/lib/CRABClient/Commands/SubCommand.py", line 531, in loadLocalCache
    self.cachedinfo, self.logfile = loadCache(self.requestarea, self.logger)
  File "/cvmfs/cms.cern.ch/share/cms/crab-prod/v3.250217.00/lib/CRABClient/ClientUtilities.py", line 445, in loadCache
    raise CachefileNotFoundException(msg)
CRABClient.ClientExceptions.CachefileNotFoundException: Cannot find .requestcache file in CRAB project directory /afs/cern.ch/user/f/fsalerno/CMSSW_13_2_11/src/PhysicsTools/NanoAODTools/crab/crab_TT_inclusive_2022_topcand_hadd
INFO 2025-03-17 10:15:41.257 UTC: 	 Log file is /afs/cern.ch/user/f/fsalerno/CMSSW_13_2_11/src/PhysicsTools/NanoAODTools/crab/crab.log
DEBUG 2025-03-17 17:32:20.494 UTC: 	 CRAB Client version: v3.250217
DEBUG 2025-03-17 17:32:20.495 UTC: 	 Running on: Linux lxplus968.cern.ch 5.14.0-503.23.2.el9_5.x86_64 #1 SMP PREEMPT_DYNAMIC Fri Feb 7 15:07:19 EST 2025 x86_64 x86_64 x86_64 GNU/Linux
DEBUG 2025-03-17 17:32:20.495 UTC: 	 Not using Singularity
DEBUG 2025-03-17 17:32:20.495 UTC: 	 Operating System: Red Hat Enterprise Linux 9.5 (Plow)
DEBUG 2025-03-17 17:32:20.495 UTC: 	 Executing command: 'status'
DEBUG 2025-03-17 17:32:20.496 UTC: 	 Found CRAB cache file /afs/cern.ch/user/f/fsalerno/.crab3
ERROR 2025-03-17 17:32:20.497 UTC: 	 Cannot find .requestcache file in CRAB project directory /afs/cern.ch/user/f/fsalerno/CMSSW_13_2_11/src/PhysicsTools/NanoAODTools/crab
ERROR 2025-03-17 17:32:20.497 UTC: 	 Caught ClientException exception
Traceback (most recent call last):
  File "/cvmfs/cms.cern.ch/share/cms/crab-prod/v3.250217.00/bin/crab.py", line 157, in <module>
    client()
  File "/cvmfs/cms.cern.ch/share/cms/crab-prod/v3.250217.00/bin/crab.py", line 135, in __call__
    self.cmd = sub_cmd(self.logger, args[1:])  # the crab command to be executed
  File "/cvmfs/cms.cern.ch/share/cms/crab-prod/v3.250217.00/lib/CRABClient/Commands/status.py", line 48, in __init__
    SubCommand.__init__(self, logger, cmdargs)
  File "/cvmfs/cms.cern.ch/share/cms/crab-prod/v3.250217.00/lib/CRABClient/Commands/SubCommand.py", line 281, in __init__
    SubCommand.validateOptions(self)
  File "/cvmfs/cms.cern.ch/share/cms/crab-prod/v3.250217.00/lib/CRABClient/Commands/SubCommand.py", line 695, in validateOptions
    self.loadLocalCache()
  File "/cvmfs/cms.cern.ch/share/cms/crab-prod/v3.250217.00/lib/CRABClient/Commands/SubCommand.py", line 537, in loadLocalCache
    raise ex
  File "/cvmfs/cms.cern.ch/share/cms/crab-prod/v3.250217.00/lib/CRABClient/Commands/SubCommand.py", line 531, in loadLocalCache
    self.cachedinfo, self.logfile = loadCache(self.requestarea, self.logger)
  File "/cvmfs/cms.cern.ch/share/cms/crab-prod/v3.250217.00/lib/CRABClient/ClientUtilities.py", line 445, in loadCache
    raise CachefileNotFoundException(msg)
CRABClient.ClientExceptions.CachefileNotFoundException: Cannot find .requestcache file in CRAB project directory /afs/cern.ch/user/f/fsalerno/CMSSW_13_2_11/src/PhysicsTools/NanoAODTools/crab
INFO 2025-03-17 17:32:20.520 UTC: 	 Log file is /afs/cern.ch/user/f/fsalerno/CMSSW_13_2_11/src/PhysicsTools/NanoAODTools/crab/crab.log
